<?xml version="1.0" encoding="utf-8"?>
<log version="1.0" tool="runtool">

<msg id="1" tool="runtool">
  <type>log-start</type>
  <arg>2012/06/17 22:15:49</arg>
</msg>
<msg id="2" tool="runtool">
  <type>tc-starts</type>
</msg>
<msg id="3" tool="runtool">
  <type>marker-file</type>
  <arg>D:\source\Panorama\Panorama\My Advisor Results - Panorama\correctness\correctness.advi</arg>
</msg>
<msg id="4" tool="tc">
  <type>START</type>
  <severity>INFO</severity>
  <timestamp>Sun Jun 17 22:15:50 2012</timestamp>
</msg>
<msg id="5" tool="tc">
  <type>LOAD_MODULE</type>
  <arg>D:\source\Panorama\Release\Panorama.exe</arg>
  <severity>INFO</severity>
  <timestamp>Sun Jun 17 22:15:50 2012</timestamp>
</msg>
<msg id="6" tool="tc">
  <type>LOAD_MODULE</type>
  <arg>C:\Windows\system32\apphelp.dll</arg>
  <severity>INFO</severity>
  <timestamp>Sun Jun 17 22:15:50 2012</timestamp>
</msg>
<msg id="7" tool="tc">
  <type>LOAD_MODULE</type>
  <arg>C:\Windows\syswow64\KERNELBASE.dll</arg>
  <severity>INFO</severity>
  <timestamp>Sun Jun 17 22:15:50 2012</timestamp>
</msg>
<msg id="8" tool="tc">
  <type>LOAD_MODULE</type>
  <arg>C:\Windows\syswow64\kernel32.dll</arg>
  <severity>INFO</severity>
  <timestamp>Sun Jun 17 22:15:50 2012</timestamp>
</msg>
<msg id="9" tool="tc">
  <type>LOAD_MODULE</type>
  <arg>C:\Windows\SysWOW64\ntdll.dll</arg>
  <severity>INFO</severity>
  <timestamp>Sun Jun 17 22:15:50 2012</timestamp>
</msg>
<msg id="10" tool="tc">
  <type>LOAD_MODULE</type>
  <arg>D:\source\Panorama\Release\ANN.dll</arg>
  <severity>INFO</severity>
  <timestamp>Sun Jun 17 22:15:50 2012</timestamp>
</msg>
<msg id="11" tool="tc">
  <type>LOAD_MODULE</type>
  <arg>C:\opencv\build\x86\vc10\bin\opencv_highgui231.dll</arg>
  <severity>INFO</severity>
  <timestamp>Sun Jun 17 22:15:51 2012</timestamp>
</msg>
<msg id="12" tool="tc">
  <type>LOAD_MODULE</type>
  <arg>C:\Windows\syswow64\USER32.dll</arg>
  <severity>INFO</severity>
  <timestamp>Sun Jun 17 22:15:51 2012</timestamp>
</msg>
<msg id="13" tool="tc">
  <type>LOAD_MODULE</type>
  <arg>C:\Windows\syswow64\GDI32.dll</arg>
  <severity>INFO</severity>
  <timestamp>Sun Jun 17 22:15:51 2012</timestamp>
</msg>
<msg id="14" tool="tc">
  <type>LOAD_MODULE</type>
  <arg>C:\Windows\syswow64\LPK.dll</arg>
  <severity>INFO</severity>
  <timestamp>Sun Jun 17 22:15:51 2012</timestamp>
</msg>
<msg id="15" tool="tc">
  <type>LOAD_MODULE</type>
  <arg>C:\Windows\syswow64\USP10.dll</arg>
  <severity>INFO</severity>
  <timestamp>Sun Jun 17 22:15:51 2012</timestamp>
</msg>
<msg id="16" tool="tc">
  <type>LOAD_MODULE</type>
  <arg>C:\Windows\syswow64\msvcrt.dll</arg>
  <severity>INFO</severity>
  <timestamp>Sun Jun 17 22:15:51 2012</timestamp>
</msg>
<msg id="17" tool="tc">
  <type>LOAD_MODULE</type>
  <arg>C:\Windows\syswow64\ADVAPI32.dll</arg>
  <severity>INFO</severity>
  <timestamp>Sun Jun 17 22:15:51 2012</timestamp>
</msg>
<msg id="18" tool="tc">
  <type>LOAD_MODULE</type>
  <arg>C:\Windows\SysWOW64\sechost.dll</arg>
  <severity>INFO</severity>
  <timestamp>Sun Jun 17 22:15:51 2012</timestamp>
</msg>
<msg id="19" tool="tc">
  <type>LOAD_MODULE</type>
  <arg>C:\Windows\syswow64\RPCRT4.dll</arg>
  <severity>INFO</severity>
  <timestamp>Sun Jun 17 22:15:51 2012</timestamp>
</msg>
<msg id="20" tool="tc">
  <type>LOAD_MODULE</type>
  <arg>C:\Windows\syswow64\SspiCli.dll</arg>
  <severity>INFO</severity>
  <timestamp>Sun Jun 17 22:15:51 2012</timestamp>
</msg>
<msg id="21" tool="tc">
  <type>LOAD_MODULE</type>
  <arg>C:\Windows\syswow64\CRYPTBASE.dll</arg>
  <severity>INFO</severity>
  <timestamp>Sun Jun 17 22:15:51 2012</timestamp>
</msg>
<msg id="22" tool="tc">
  <type>LOAD_MODULE</type>
  <arg>C:\Windows\syswow64\ole32.dll</arg>
  <severity>INFO</severity>
  <timestamp>Sun Jun 17 22:15:51 2012</timestamp>
</msg>
<msg id="23" tool="tc">
  <type>LOAD_MODULE</type>
  <arg>C:\Windows\syswow64\OLEAUT32.dll</arg>
  <severity>INFO</severity>
  <timestamp>Sun Jun 17 22:15:51 2012</timestamp>
</msg>
<msg id="24" tool="tc">
  <type>LOAD_MODULE</type>
  <arg>C:\opencv\build\x86\vc10\bin\opencv_core231.dll</arg>
  <severity>INFO</severity>
  <timestamp>Sun Jun 17 22:15:51 2012</timestamp>
</msg>
<msg id="25" tool="tc">
  <type>LOAD_MODULE</type>
  <arg>C:\Windows\system32\MSVCP100.dll</arg>
  <severity>INFO</severity>
  <timestamp>Sun Jun 17 22:15:51 2012</timestamp>
</msg>
<msg id="26" tool="tc">
  <type>LOAD_MODULE</type>
  <arg>C:\Windows\system32\MSVCR100.dll</arg>
  <severity>INFO</severity>
  <timestamp>Sun Jun 17 22:15:51 2012</timestamp>
</msg>
<msg id="27" tool="tc">
  <type>LOAD_MODULE</type>
  <arg>C:\Windows\WinSxS\x86_microsoft.windows.common-controls_6595b64144ccf1df_5.82.7601.17514_none_ec83dffa859149af\COMCTL32.dll</arg>
  <severity>INFO</severity>
  <timestamp>Sun Jun 17 22:15:51 2012</timestamp>
</msg>
<msg id="28" tool="tc">
  <type>LOAD_MODULE</type>
  <arg>C:\Windows\system32\AVIFIL32.dll</arg>
  <severity>INFO</severity>
  <timestamp>Sun Jun 17 22:15:51 2012</timestamp>
</msg>
<msg id="29" tool="tc">
  <type>LOAD_MODULE</type>
  <arg>C:\Windows\system32\WINMM.dll</arg>
  <severity>INFO</severity>
  <timestamp>Sun Jun 17 22:15:51 2012</timestamp>
</msg>
<msg id="30" tool="tc">
  <type>LOAD_MODULE</type>
  <arg>C:\Windows\system32\MSACM32.dll</arg>
  <severity>INFO</severity>
  <timestamp>Sun Jun 17 22:15:51 2012</timestamp>
</msg>
<msg id="31" tool="tc">
  <type>LOAD_MODULE</type>
  <arg>C:\Windows\system32\MSVFW32.dll</arg>
  <severity>INFO</severity>
  <timestamp>Sun Jun 17 22:15:51 2012</timestamp>
</msg>
<msg id="32" tool="tc">
  <type>LOAD_MODULE</type>
  <arg>C:\Windows\syswow64\SHELL32.dll</arg>
  <severity>INFO</severity>
  <timestamp>Sun Jun 17 22:15:51 2012</timestamp>
</msg>
<msg id="33" tool="tc">
  <type>LOAD_MODULE</type>
  <arg>C:\Windows\syswow64\SHLWAPI.dll</arg>
  <severity>INFO</severity>
  <timestamp>Sun Jun 17 22:15:51 2012</timestamp>
</msg>
<msg id="34" tool="tc">
  <type>LOAD_MODULE</type>
  <arg>C:\Windows\system32\AVICAP32.dll</arg>
  <severity>INFO</severity>
  <timestamp>Sun Jun 17 22:15:51 2012</timestamp>
</msg>
<msg id="35" tool="tc">
  <type>LOAD_MODULE</type>
  <arg>C:\Windows\system32\VERSION.dll</arg>
  <severity>INFO</severity>
  <timestamp>Sun Jun 17 22:15:51 2012</timestamp>
</msg>
<msg id="36" tool="tc">
  <type>LOAD_MODULE</type>
  <arg>C:\opencv\build\x86\vc10\bin\opencv_imgproc231.dll</arg>
  <severity>INFO</severity>
  <timestamp>Sun Jun 17 22:15:51 2012</timestamp>
</msg>
<msg id="37" tool="tc">
  <type>LOAD_MODULE</type>
  <arg>D:\source\Panorama\Release\tbb.dll</arg>
  <severity>INFO</severity>
  <timestamp>Sun Jun 17 22:15:51 2012</timestamp>
</msg>
<msg id="38" tool="tc">
  <type>LOAD_MODULE</type>
  <arg>C:\Windows\system32\VCOMP100.DLL</arg>
  <severity>INFO</severity>
  <timestamp>Sun Jun 17 22:15:51 2012</timestamp>
</msg>
<msg id="39" tool="tc">
  <type>UNSUPPORTED_MODULE</type>
  <arg>Microsoft OpenMP Runtime module</arg>
  <severity>WARNING</severity>
  <timestamp>Sun Jun 17 22:15:51 2012</timestamp>
</msg>
<msg id="40" tool="tc">
  <type>LOAD_MODULE</type>
  <arg>C:\Windows\AppPatch\AcLayers.DLL</arg>
  <severity>INFO</severity>
  <timestamp>Sun Jun 17 22:15:52 2012</timestamp>
</msg>
<msg id="41" tool="tc">
  <type>LOAD_MODULE</type>
  <arg>C:\Windows\system32\USERENV.dll</arg>
  <severity>INFO</severity>
  <timestamp>Sun Jun 17 22:15:52 2012</timestamp>
</msg>
<msg id="42" tool="tc">
  <type>LOAD_MODULE</type>
  <arg>C:\Windows\system32\profapi.dll</arg>
  <severity>INFO</severity>
  <timestamp>Sun Jun 17 22:15:52 2012</timestamp>
</msg>
<msg id="43" tool="tc">
  <type>LOAD_MODULE</type>
  <arg>C:\Windows\system32\WINSPOOL.DRV</arg>
  <severity>INFO</severity>
  <timestamp>Sun Jun 17 22:15:52 2012</timestamp>
</msg>
<msg id="44" tool="tc">
  <type>LOAD_MODULE</type>
  <arg>C:\Windows\system32\MPR.dll</arg>
  <severity>INFO</severity>
  <timestamp>Sun Jun 17 22:15:52 2012</timestamp>
</msg>
<msg id="45" tool="tc">
  <type>LOAD_MODULE</type>
  <arg>C:\Windows\system32\IMM32.DLL</arg>
  <severity>INFO</severity>
  <timestamp>Sun Jun 17 22:15:54 2012</timestamp>
</msg>
<msg id="46" tool="tc">
  <type>LOAD_MODULE</type>
  <arg>C:\Windows\syswow64\MSCTF.dll</arg>
  <severity>INFO</severity>
  <timestamp>Sun Jun 17 22:15:54 2012</timestamp>
</msg>
<msg id="47" tool="tc">
  <type>LOAD_MODULE</type>
  <arg>C:\Windows\SysWOW64\nvinit.dll</arg>
  <severity>INFO</severity>
  <timestamp>Sun Jun 17 22:15:55 2012</timestamp>
</msg>
<msg id="48" tool="tc">
  <type>LOAD_MODULE</type>
  <arg>C:\Program Files (x86)\NVIDIA Corporation\CoProcManager\detoured.dll</arg>
  <severity>INFO</severity>
  <timestamp>Sun Jun 17 22:15:56 2012</timestamp>
</msg>
<msg id="49" tool="tc">
  <type>LOAD_MODULE</type>
  <arg>C:\Program Files (x86)\NVIDIA Corporation\CoProcManager\nvd3d9wrap.dll</arg>
  <severity>INFO</severity>
  <timestamp>Sun Jun 17 22:15:56 2012</timestamp>
</msg>
<msg id="50" tool="tc">
  <type>LOAD_MODULE</type>
  <arg>C:\Windows\syswow64\SETUPAPI.dll</arg>
  <severity>INFO</severity>
  <timestamp>Sun Jun 17 22:15:56 2012</timestamp>
</msg>
<msg id="51" tool="tc">
  <type>LOAD_MODULE</type>
  <arg>C:\Windows\syswow64\CFGMGR32.dll</arg>
  <severity>INFO</severity>
  <timestamp>Sun Jun 17 22:15:56 2012</timestamp>
</msg>
<msg id="52" tool="tc">
  <type>LOAD_MODULE</type>
  <arg>C:\Windows\syswow64\DEVOBJ.dll</arg>
  <severity>INFO</severity>
  <timestamp>Sun Jun 17 22:15:56 2012</timestamp>
</msg>
<msg id="53" tool="tc">
  <type>LOAD_MODULE</type>
  <arg>C:\Program Files (x86)\NVIDIA Corporation\CoProcManager\nvdxgiwrap.dll</arg>
  <severity>INFO</severity>
  <timestamp>Sun Jun 17 22:15:57 2012</timestamp>
</msg>
<msg id="54" tool="tc">
  <type>LOAD_MODULE</type>
  <arg>C:\Windows\system32\uxtheme.dll</arg>
  <severity>INFO</severity>
  <timestamp>Sun Jun 17 22:16:00 2012</timestamp>
</msg>
<msg id="55" tool="tc">
  <type>LOAD_MODULE</type>
  <arg>C:\Program Files (x86)\RocketDock\RocketDock.dll</arg>
  <severity>INFO</severity>
  <timestamp>Sun Jun 17 22:16:00 2012</timestamp>
</msg>
<msg id="56" tool="tc">
  <type>LOAD_MODULE</type>
  <arg>C:\Windows\syswow64\PSAPI.DLL</arg>
  <severity>INFO</severity>
  <timestamp>Sun Jun 17 22:16:00 2012</timestamp>
</msg>
<msg id="57" tool="tc">
  <type>LOAD_MODULE</type>
  <arg>C:\Program Files (x86)\Intel\Parallel Studio 2011\Advisor\bin32\runtime\libittnotify.dll</arg>
  <severity>INFO</severity>
  <timestamp>Sun Jun 17 22:16:01 2012</timestamp>
</msg>
<msg id="58" tool="tc">
  <type>LOAD_MODULE</type>
  <arg>C:\Windows\system32\dwmapi.dll</arg>
  <severity>INFO</severity>
  <timestamp>Sun Jun 17 22:27:35 2012</timestamp>
</msg>
<msg id="59" tool="tc">
  <type>LOAD_MODULE</type>
  <arg>C:\Windows\system32\ole32.dll</arg>
  <severity>INFO</severity>
  <timestamp>Sun Jun 17 22:27:37 2012</timestamp>
</msg>
<msg id="60" tool="tc">
  <type>UNLOAD_MODULE</type>
  <arg>C:\Windows\system32\ole32.dll</arg>
  <severity>INFO</severity>
  <timestamp>Sun Jun 17 22:27:37 2012</timestamp>
</msg>
<msg id="61" tool="tc">
  <type>UNLOAD_MODULE</type>
  <arg>D:\source\Panorama\Release\Panorama.exe</arg>
  <severity>INFO</severity>
  <timestamp>Sun Jun 17 22:27:44 2012</timestamp>
</msg>
<msg id="62" tool="tc">
  <type>UNLOAD_MODULE</type>
  <arg>C:\Windows\system32\apphelp.dll</arg>
  <severity>INFO</severity>
  <timestamp>Sun Jun 17 22:27:44 2012</timestamp>
</msg>
<msg id="63" tool="tc">
  <type>UNLOAD_MODULE</type>
  <arg>C:\Windows\syswow64\KERNELBASE.dll</arg>
  <severity>INFO</severity>
  <timestamp>Sun Jun 17 22:27:44 2012</timestamp>
</msg>
<msg id="64" tool="tc">
  <type>UNLOAD_MODULE</type>
  <arg>C:\Windows\syswow64\kernel32.dll</arg>
  <severity>INFO</severity>
  <timestamp>Sun Jun 17 22:27:44 2012</timestamp>
</msg>
<msg id="65" tool="tc">
  <type>UNLOAD_MODULE</type>
  <arg>C:\Windows\SysWOW64\ntdll.dll</arg>
  <severity>INFO</severity>
  <timestamp>Sun Jun 17 22:27:44 2012</timestamp>
</msg>
<msg id="66" tool="tc">
  <type>UNLOAD_MODULE</type>
  <arg>D:\source\Panorama\Release\ANN.dll</arg>
  <severity>INFO</severity>
  <timestamp>Sun Jun 17 22:27:44 2012</timestamp>
</msg>
<msg id="67" tool="tc">
  <type>UNLOAD_MODULE</type>
  <arg>C:\opencv\build\x86\vc10\bin\opencv_highgui231.dll</arg>
  <severity>INFO</severity>
  <timestamp>Sun Jun 17 22:27:44 2012</timestamp>
</msg>
<msg id="68" tool="tc">
  <type>UNLOAD_MODULE</type>
  <arg>C:\Windows\syswow64\USER32.dll</arg>
  <severity>INFO</severity>
  <timestamp>Sun Jun 17 22:27:44 2012</timestamp>
</msg>
<msg id="69" tool="tc">
  <type>UNLOAD_MODULE</type>
  <arg>C:\Windows\syswow64\GDI32.dll</arg>
  <severity>INFO</severity>
  <timestamp>Sun Jun 17 22:27:44 2012</timestamp>
</msg>
<msg id="70" tool="tc">
  <type>UNLOAD_MODULE</type>
  <arg>C:\Windows\syswow64\LPK.dll</arg>
  <severity>INFO</severity>
  <timestamp>Sun Jun 17 22:27:44 2012</timestamp>
</msg>
<msg id="71" tool="tc">
  <type>UNLOAD_MODULE</type>
  <arg>C:\Windows\syswow64\USP10.dll</arg>
  <severity>INFO</severity>
  <timestamp>Sun Jun 17 22:27:44 2012</timestamp>
</msg>
<msg id="72" tool="tc">
  <type>UNLOAD_MODULE</type>
  <arg>C:\Windows\syswow64\msvcrt.dll</arg>
  <severity>INFO</severity>
  <timestamp>Sun Jun 17 22:27:44 2012</timestamp>
</msg>
<msg id="73" tool="tc">
  <type>UNLOAD_MODULE</type>
  <arg>C:\Windows\syswow64\ADVAPI32.dll</arg>
  <severity>INFO</severity>
  <timestamp>Sun Jun 17 22:27:44 2012</timestamp>
</msg>
<msg id="74" tool="tc">
  <type>UNLOAD_MODULE</type>
  <arg>C:\Windows\SysWOW64\sechost.dll</arg>
  <severity>INFO</severity>
  <timestamp>Sun Jun 17 22:27:44 2012</timestamp>
</msg>
<msg id="75" tool="tc">
  <type>UNLOAD_MODULE</type>
  <arg>C:\Windows\syswow64\RPCRT4.dll</arg>
  <severity>INFO</severity>
  <timestamp>Sun Jun 17 22:27:44 2012</timestamp>
</msg>
<msg id="76" tool="tc">
  <type>UNLOAD_MODULE</type>
  <arg>C:\Windows\syswow64\SspiCli.dll</arg>
  <severity>INFO</severity>
  <timestamp>Sun Jun 17 22:27:44 2012</timestamp>
</msg>
<msg id="77" tool="tc">
  <type>UNLOAD_MODULE</type>
  <arg>C:\Windows\syswow64\CRYPTBASE.dll</arg>
  <severity>INFO</severity>
  <timestamp>Sun Jun 17 22:27:44 2012</timestamp>
</msg>
<msg id="78" tool="tc">
  <type>UNLOAD_MODULE</type>
  <arg>C:\Windows\syswow64\ole32.dll</arg>
  <severity>INFO</severity>
  <timestamp>Sun Jun 17 22:27:44 2012</timestamp>
</msg>
<msg id="79" tool="tc">
  <type>UNLOAD_MODULE</type>
  <arg>C:\Windows\syswow64\OLEAUT32.dll</arg>
  <severity>INFO</severity>
  <timestamp>Sun Jun 17 22:27:44 2012</timestamp>
</msg>
<msg id="80" tool="tc">
  <type>UNLOAD_MODULE</type>
  <arg>C:\opencv\build\x86\vc10\bin\opencv_core231.dll</arg>
  <severity>INFO</severity>
  <timestamp>Sun Jun 17 22:27:44 2012</timestamp>
</msg>
<msg id="81" tool="tc">
  <type>UNLOAD_MODULE</type>
  <arg>C:\Windows\system32\MSVCP100.dll</arg>
  <severity>INFO</severity>
  <timestamp>Sun Jun 17 22:27:44 2012</timestamp>
</msg>
<msg id="82" tool="tc">
  <type>UNLOAD_MODULE</type>
  <arg>C:\Windows\system32\MSVCR100.dll</arg>
  <severity>INFO</severity>
  <timestamp>Sun Jun 17 22:27:44 2012</timestamp>
</msg>
<msg id="83" tool="tc">
  <type>UNLOAD_MODULE</type>
  <arg>C:\Windows\WinSxS\x86_microsoft.windows.common-controls_6595b64144ccf1df_5.82.7601.17514_none_ec83dffa859149af\COMCTL32.dll</arg>
  <severity>INFO</severity>
  <timestamp>Sun Jun 17 22:27:44 2012</timestamp>
</msg>
<msg id="84" tool="tc">
  <type>UNLOAD_MODULE</type>
  <arg>C:\Windows\system32\AVIFIL32.dll</arg>
  <severity>INFO</severity>
  <timestamp>Sun Jun 17 22:27:44 2012</timestamp>
</msg>
<msg id="85" tool="tc">
  <type>UNLOAD_MODULE</type>
  <arg>C:\Windows\system32\WINMM.dll</arg>
  <severity>INFO</severity>
  <timestamp>Sun Jun 17 22:27:44 2012</timestamp>
</msg>
<msg id="86" tool="tc">
  <type>UNLOAD_MODULE</type>
  <arg>C:\Windows\system32\MSACM32.dll</arg>
  <severity>INFO</severity>
  <timestamp>Sun Jun 17 22:27:44 2012</timestamp>
</msg>
<msg id="87" tool="tc">
  <type>UNLOAD_MODULE</type>
  <arg>C:\Windows\system32\MSVFW32.dll</arg>
  <severity>INFO</severity>
  <timestamp>Sun Jun 17 22:27:44 2012</timestamp>
</msg>
<msg id="88" tool="tc">
  <type>UNLOAD_MODULE</type>
  <arg>C:\Windows\syswow64\SHELL32.dll</arg>
  <severity>INFO</severity>
  <timestamp>Sun Jun 17 22:27:44 2012</timestamp>
</msg>
<msg id="89" tool="tc">
  <type>UNLOAD_MODULE</type>
  <arg>C:\Windows\syswow64\SHLWAPI.dll</arg>
  <severity>INFO</severity>
  <timestamp>Sun Jun 17 22:27:44 2012</timestamp>
</msg>
<msg id="90" tool="tc">
  <type>UNLOAD_MODULE</type>
  <arg>C:\Windows\system32\AVICAP32.dll</arg>
  <severity>INFO</severity>
  <timestamp>Sun Jun 17 22:27:44 2012</timestamp>
</msg>
<msg id="91" tool="tc">
  <type>UNLOAD_MODULE</type>
  <arg>C:\Windows\system32\VERSION.dll</arg>
  <severity>INFO</severity>
  <timestamp>Sun Jun 17 22:27:44 2012</timestamp>
</msg>
<msg id="92" tool="tc">
  <type>UNLOAD_MODULE</type>
  <arg>C:\opencv\build\x86\vc10\bin\opencv_imgproc231.dll</arg>
  <severity>INFO</severity>
  <timestamp>Sun Jun 17 22:27:44 2012</timestamp>
</msg>
<msg id="93" tool="tc">
  <type>UNLOAD_MODULE</type>
  <arg>D:\source\Panorama\Release\tbb.dll</arg>
  <severity>INFO</severity>
  <timestamp>Sun Jun 17 22:27:44 2012</timestamp>
</msg>
<msg id="94" tool="tc">
  <type>UNLOAD_MODULE</type>
  <arg>C:\Windows\system32\VCOMP100.DLL</arg>
  <severity>INFO</severity>
  <timestamp>Sun Jun 17 22:27:44 2012</timestamp>
</msg>
<msg id="95" tool="tc">
  <type>UNLOAD_MODULE</type>
  <arg>C:\Windows\AppPatch\AcLayers.DLL</arg>
  <severity>INFO</severity>
  <timestamp>Sun Jun 17 22:27:44 2012</timestamp>
</msg>
<msg id="96" tool="tc">
  <type>UNLOAD_MODULE</type>
  <arg>C:\Windows\system32\USERENV.dll</arg>
  <severity>INFO</severity>
  <timestamp>Sun Jun 17 22:27:44 2012</timestamp>
</msg>
<msg id="97" tool="tc">
  <type>UNLOAD_MODULE</type>
  <arg>C:\Windows\system32\profapi.dll</arg>
  <severity>INFO</severity>
  <timestamp>Sun Jun 17 22:27:44 2012</timestamp>
</msg>
<msg id="98" tool="tc">
  <type>UNLOAD_MODULE</type>
  <arg>C:\Windows\system32\WINSPOOL.DRV</arg>
  <severity>INFO</severity>
  <timestamp>Sun Jun 17 22:27:44 2012</timestamp>
</msg>
<msg id="99" tool="tc">
  <type>UNLOAD_MODULE</type>
  <arg>C:\Windows\system32\MPR.dll</arg>
  <severity>INFO</severity>
  <timestamp>Sun Jun 17 22:27:44 2012</timestamp>
</msg>
<msg id="100" tool="tc">
  <type>UNLOAD_MODULE</type>
  <arg>C:\Windows\system32\IMM32.DLL</arg>
  <severity>INFO</severity>
  <timestamp>Sun Jun 17 22:27:44 2012</timestamp>
</msg>
<msg id="101" tool="tc">
  <type>UNLOAD_MODULE</type>
  <arg>C:\Windows\syswow64\MSCTF.dll</arg>
  <severity>INFO</severity>
  <timestamp>Sun Jun 17 22:27:44 2012</timestamp>
</msg>
<msg id="102" tool="tc">
  <type>UNLOAD_MODULE</type>
  <arg>C:\Windows\SysWOW64\nvinit.dll</arg>
  <severity>INFO</severity>
  <timestamp>Sun Jun 17 22:27:44 2012</timestamp>
</msg>
<msg id="103" tool="tc">
  <type>UNLOAD_MODULE</type>
  <arg>C:\Program Files (x86)\NVIDIA Corporation\CoProcManager\detoured.dll</arg>
  <severity>INFO</severity>
  <timestamp>Sun Jun 17 22:27:44 2012</timestamp>
</msg>
<msg id="104" tool="tc">
  <type>UNLOAD_MODULE</type>
  <arg>C:\Program Files (x86)\NVIDIA Corporation\CoProcManager\nvd3d9wrap.dll</arg>
  <severity>INFO</severity>
  <timestamp>Sun Jun 17 22:27:44 2012</timestamp>
</msg>
<msg id="105" tool="tc">
  <type>UNLOAD_MODULE</type>
  <arg>C:\Windows\syswow64\SETUPAPI.dll</arg>
  <severity>INFO</severity>
  <timestamp>Sun Jun 17 22:27:44 2012</timestamp>
</msg>
<msg id="106" tool="tc">
  <type>UNLOAD_MODULE</type>
  <arg>C:\Windows\syswow64\CFGMGR32.dll</arg>
  <severity>INFO</severity>
  <timestamp>Sun Jun 17 22:27:44 2012</timestamp>
</msg>
<msg id="107" tool="tc">
  <type>UNLOAD_MODULE</type>
  <arg>C:\Windows\syswow64\DEVOBJ.dll</arg>
  <severity>INFO</severity>
  <timestamp>Sun Jun 17 22:27:44 2012</timestamp>
</msg>
<msg id="108" tool="tc">
  <type>UNLOAD_MODULE</type>
  <arg>C:\Program Files (x86)\NVIDIA Corporation\CoProcManager\nvdxgiwrap.dll</arg>
  <severity>INFO</severity>
  <timestamp>Sun Jun 17 22:27:44 2012</timestamp>
</msg>
<msg id="109" tool="tc">
  <type>UNLOAD_MODULE</type>
  <arg>C:\Windows\system32\uxtheme.dll</arg>
  <severity>INFO</severity>
  <timestamp>Sun Jun 17 22:27:44 2012</timestamp>
</msg>
<msg id="110" tool="tc">
  <type>UNLOAD_MODULE</type>
  <arg>C:\Program Files (x86)\RocketDock\RocketDock.dll</arg>
  <severity>INFO</severity>
  <timestamp>Sun Jun 17 22:27:44 2012</timestamp>
</msg>
<msg id="111" tool="tc">
  <type>UNLOAD_MODULE</type>
  <arg>C:\Windows\syswow64\PSAPI.DLL</arg>
  <severity>INFO</severity>
  <timestamp>Sun Jun 17 22:27:44 2012</timestamp>
</msg>
<msg id="112" tool="tc">
  <type>UNLOAD_MODULE</type>
  <arg>C:\Program Files (x86)\Intel\Parallel Studio 2011\Advisor\bin32\runtime\libittnotify.dll</arg>
  <severity>INFO</severity>
  <timestamp>Sun Jun 17 22:27:44 2012</timestamp>
</msg>
<msg id="113" tool="tc">
  <type>UNLOAD_MODULE</type>
  <arg>C:\Windows\system32\dwmapi.dll</arg>
  <severity>INFO</severity>
  <timestamp>Sun Jun 17 22:27:44 2012</timestamp>
</msg>
<msg id="114" tool="tc">
  <type>PROCESS_TERMINATE</type>
  <arg>d:\source\panorama\release\panorama.exe</arg>
  <arg>10352</arg>
  <severity>INFO</severity>
  <timestamp>Sun Jun 17 22:27:44 2012</timestamp>
</msg>
<msg id="115" tool="tc">
  <type>STOP</type>
  <severity>INFO</severity>
  <timestamp>Sun Jun 17 22:27:44 2012</timestamp>
</msg>
<msg id="116" tool="runtool">
  <type>app-exit-code</type>
  <arg>0</arg>
</msg>
<msg id="117" tool="runtool">
  <type>marker-file</type>
  <arg>D:\source\Panorama\Panorama\My Advisor Results - Panorama\correctness\correctness.advi</arg>
</msg>
<msg id="118" tool="runtool">
  <type>tc-done</type>
</msg>
<msg id="119" tool="runtool">
  <type>log-end</type>
  <arg>2012/06/17 22:27:50</arg>
</msg>

</log>

