<?xml version="1.0" encoding="utf-8" ?>
<!-- DO NOT EDIT THIS FILE -->

<log version='2.0' source='tcet'>
	<msg id='1' display='false' source='tccore'>
		<type>START</type>
		<severity>INFO</severity>
		<timestamp>Sun Jun 17 22:15:50 2012</timestamp>
	</msg>
	<!-- Successfully loaded the TC Runtime 11.0.0 at address 0x55000000 - 0x5513b000 -->
	<!-- Successfully loaded the TC Analysis Core 4.2.0 at address 0x57000000 - 0x5705f000 -->
	<!-- Successfully loaded the TC Instrumentation Engine 4.2.0 at address 0x55000000 - 0x5513b000 -->
	<!-- This is the instance of interest -->
	<msg id='2' source='tcet'>
		<type>LOAD_MODULE</type>
		<severity>INFO</severity>
		<timestamp>Sun Jun 17 22:15:50 2012</timestamp>
		<arg name='module'>D:\source\Panorama\Release\Panorama.exe</arg>
	</msg>
	<msg id='3' source='tcet'>
		<type>LOAD_MODULE</type>
		<severity>INFO</severity>
		<timestamp>Sun Jun 17 22:15:50 2012</timestamp>
		<arg name='module'>C:\Windows\system32\apphelp.dll</arg>
	</msg>
	<msg id='4' source='tcet'>
		<type>LOAD_MODULE</type>
		<severity>INFO</severity>
		<timestamp>Sun Jun 17 22:15:50 2012</timestamp>
		<arg name='module'>C:\Windows\syswow64\KERNELBASE.dll</arg>
	</msg>
	<msg id='5' source='tcet'>
		<type>LOAD_MODULE</type>
		<severity>INFO</severity>
		<timestamp>Sun Jun 17 22:15:50 2012</timestamp>
		<arg name='module'>C:\Windows\syswow64\kernel32.dll</arg>
	</msg>
	<msg id='6' source='tcet'>
		<type>LOAD_MODULE</type>
		<severity>INFO</severity>
		<timestamp>Sun Jun 17 22:15:50 2012</timestamp>
		<arg name='module'>C:\Windows\SysWOW64\ntdll.dll</arg>
	</msg>
	<msg id='7' source='tcet'>
		<type>LOAD_MODULE</type>
		<severity>INFO</severity>
		<timestamp>Sun Jun 17 22:15:50 2012</timestamp>
		<arg name='module'>D:\source\Panorama\Release\ANN.dll</arg>
	</msg>
	<msg id='8' source='tcet'>
		<type>LOAD_MODULE</type>
		<severity>INFO</severity>
		<timestamp>Sun Jun 17 22:15:51 2012</timestamp>
		<arg name='module'>C:\opencv\build\x86\vc10\bin\opencv_highgui231.dll</arg>
	</msg>
	<msg id='9' source='tcet'>
		<type>LOAD_MODULE</type>
		<severity>INFO</severity>
		<timestamp>Sun Jun 17 22:15:51 2012</timestamp>
		<arg name='module'>C:\Windows\syswow64\USER32.dll</arg>
	</msg>
	<msg id='10' source='tcet'>
		<type>LOAD_MODULE</type>
		<severity>INFO</severity>
		<timestamp>Sun Jun 17 22:15:51 2012</timestamp>
		<arg name='module'>C:\Windows\syswow64\GDI32.dll</arg>
	</msg>
	<msg id='11' source='tcet'>
		<type>LOAD_MODULE</type>
		<severity>INFO</severity>
		<timestamp>Sun Jun 17 22:15:51 2012</timestamp>
		<arg name='module'>C:\Windows\syswow64\LPK.dll</arg>
	</msg>
	<msg id='12' source='tcet'>
		<type>LOAD_MODULE</type>
		<severity>INFO</severity>
		<timestamp>Sun Jun 17 22:15:51 2012</timestamp>
		<arg name='module'>C:\Windows\syswow64\USP10.dll</arg>
	</msg>
	<msg id='13' source='tcet'>
		<type>LOAD_MODULE</type>
		<severity>INFO</severity>
		<timestamp>Sun Jun 17 22:15:51 2012</timestamp>
		<arg name='module'>C:\Windows\syswow64\msvcrt.dll</arg>
	</msg>
	<msg id='14' source='tcet'>
		<type>LOAD_MODULE</type>
		<severity>INFO</severity>
		<timestamp>Sun Jun 17 22:15:51 2012</timestamp>
		<arg name='module'>C:\Windows\syswow64\ADVAPI32.dll</arg>
	</msg>
	<msg id='15' source='tcet'>
		<type>LOAD_MODULE</type>
		<severity>INFO</severity>
		<timestamp>Sun Jun 17 22:15:51 2012</timestamp>
		<arg name='module'>C:\Windows\SysWOW64\sechost.dll</arg>
	</msg>
	<msg id='16' source='tcet'>
		<type>LOAD_MODULE</type>
		<severity>INFO</severity>
		<timestamp>Sun Jun 17 22:15:51 2012</timestamp>
		<arg name='module'>C:\Windows\syswow64\RPCRT4.dll</arg>
	</msg>
	<msg id='17' source='tcet'>
		<type>LOAD_MODULE</type>
		<severity>INFO</severity>
		<timestamp>Sun Jun 17 22:15:51 2012</timestamp>
		<arg name='module'>C:\Windows\syswow64\SspiCli.dll</arg>
	</msg>
	<msg id='18' source='tcet'>
		<type>LOAD_MODULE</type>
		<severity>INFO</severity>
		<timestamp>Sun Jun 17 22:15:51 2012</timestamp>
		<arg name='module'>C:\Windows\syswow64\CRYPTBASE.dll</arg>
	</msg>
	<msg id='19' source='tcet'>
		<type>LOAD_MODULE</type>
		<severity>INFO</severity>
		<timestamp>Sun Jun 17 22:15:51 2012</timestamp>
		<arg name='module'>C:\Windows\syswow64\ole32.dll</arg>
	</msg>
	<msg id='20' source='tcet'>
		<type>LOAD_MODULE</type>
		<severity>INFO</severity>
		<timestamp>Sun Jun 17 22:15:51 2012</timestamp>
		<arg name='module'>C:\Windows\syswow64\OLEAUT32.dll</arg>
	</msg>
	<msg id='21' source='tcet'>
		<type>LOAD_MODULE</type>
		<severity>INFO</severity>
		<timestamp>Sun Jun 17 22:15:51 2012</timestamp>
		<arg name='module'>C:\opencv\build\x86\vc10\bin\opencv_core231.dll</arg>
	</msg>
	<msg id='22' source='tcet'>
		<type>LOAD_MODULE</type>
		<severity>INFO</severity>
		<timestamp>Sun Jun 17 22:15:51 2012</timestamp>
		<arg name='module'>C:\Windows\system32\MSVCP100.dll</arg>
	</msg>
	<msg id='23' source='tcet'>
		<type>LOAD_MODULE</type>
		<severity>INFO</severity>
		<timestamp>Sun Jun 17 22:15:51 2012</timestamp>
		<arg name='module'>C:\Windows\system32\MSVCR100.dll</arg>
	</msg>
	<msg id='24' source='tcet'>
		<type>LOAD_MODULE</type>
		<severity>INFO</severity>
		<timestamp>Sun Jun 17 22:15:51 2012</timestamp>
		<arg name='module'>C:\Windows\WinSxS\x86_microsoft.windows.common-controls_6595b64144ccf1df_5.82.7601.17514_none_ec83dffa859149af\COMCTL32.dll</arg>
	</msg>
	<msg id='25' source='tcet'>
		<type>LOAD_MODULE</type>
		<severity>INFO</severity>
		<timestamp>Sun Jun 17 22:15:51 2012</timestamp>
		<arg name='module'>C:\Windows\system32\AVIFIL32.dll</arg>
	</msg>
	<msg id='26' source='tcet'>
		<type>LOAD_MODULE</type>
		<severity>INFO</severity>
		<timestamp>Sun Jun 17 22:15:51 2012</timestamp>
		<arg name='module'>C:\Windows\system32\WINMM.dll</arg>
	</msg>
	<msg id='27' source='tcet'>
		<type>LOAD_MODULE</type>
		<severity>INFO</severity>
		<timestamp>Sun Jun 17 22:15:51 2012</timestamp>
		<arg name='module'>C:\Windows\system32\MSACM32.dll</arg>
	</msg>
	<msg id='28' source='tcet'>
		<type>LOAD_MODULE</type>
		<severity>INFO</severity>
		<timestamp>Sun Jun 17 22:15:51 2012</timestamp>
		<arg name='module'>C:\Windows\system32\MSVFW32.dll</arg>
	</msg>
	<msg id='29' source='tcet'>
		<type>LOAD_MODULE</type>
		<severity>INFO</severity>
		<timestamp>Sun Jun 17 22:15:51 2012</timestamp>
		<arg name='module'>C:\Windows\syswow64\SHELL32.dll</arg>
	</msg>
	<msg id='30' source='tcet'>
		<type>LOAD_MODULE</type>
		<severity>INFO</severity>
		<timestamp>Sun Jun 17 22:15:51 2012</timestamp>
		<arg name='module'>C:\Windows\syswow64\SHLWAPI.dll</arg>
	</msg>
	<msg id='31' source='tcet'>
		<type>LOAD_MODULE</type>
		<severity>INFO</severity>
		<timestamp>Sun Jun 17 22:15:51 2012</timestamp>
		<arg name='module'>C:\Windows\system32\AVICAP32.dll</arg>
	</msg>
	<msg id='32' source='tcet'>
		<type>LOAD_MODULE</type>
		<severity>INFO</severity>
		<timestamp>Sun Jun 17 22:15:51 2012</timestamp>
		<arg name='module'>C:\Windows\system32\VERSION.dll</arg>
	</msg>
	<msg id='33' source='tcet'>
		<type>LOAD_MODULE</type>
		<severity>INFO</severity>
		<timestamp>Sun Jun 17 22:15:51 2012</timestamp>
		<arg name='module'>C:\opencv\build\x86\vc10\bin\opencv_imgproc231.dll</arg>
	</msg>
	<msg id='34' source='tcet'>
		<type>LOAD_MODULE</type>
		<severity>INFO</severity>
		<timestamp>Sun Jun 17 22:15:51 2012</timestamp>
		<arg name='module'>D:\source\Panorama\Release\tbb.dll</arg>
	</msg>
	<msg id='35' source='tcet'>
		<type>LOAD_MODULE</type>
		<severity>INFO</severity>
		<timestamp>Sun Jun 17 22:15:51 2012</timestamp>
		<arg name='module'>C:\Windows\system32\VCOMP100.DLL</arg>
	</msg>
	<msg id='36' source='tcet'>
		<type>UNSUPPORTED_MODULE</type>
		<severity>WARNING</severity>
		<timestamp>Sun Jun 17 22:15:51 2012</timestamp>
		<arg name='desc'>Microsoft OpenMP Runtime module</arg>
	</msg>
	<msg id='37' source='tcet'>
		<type>LOAD_MODULE</type>
		<severity>INFO</severity>
		<timestamp>Sun Jun 17 22:15:52 2012</timestamp>
		<arg name='module'>C:\Windows\AppPatch\AcLayers.DLL</arg>
	</msg>
	<msg id='38' source='tcet'>
		<type>LOAD_MODULE</type>
		<severity>INFO</severity>
		<timestamp>Sun Jun 17 22:15:52 2012</timestamp>
		<arg name='module'>C:\Windows\system32\USERENV.dll</arg>
	</msg>
	<msg id='39' source='tcet'>
		<type>LOAD_MODULE</type>
		<severity>INFO</severity>
		<timestamp>Sun Jun 17 22:15:52 2012</timestamp>
		<arg name='module'>C:\Windows\system32\profapi.dll</arg>
	</msg>
	<msg id='40' source='tcet'>
		<type>LOAD_MODULE</type>
		<severity>INFO</severity>
		<timestamp>Sun Jun 17 22:15:52 2012</timestamp>
		<arg name='module'>C:\Windows\system32\WINSPOOL.DRV</arg>
	</msg>
	<msg id='41' source='tcet'>
		<type>LOAD_MODULE</type>
		<severity>INFO</severity>
		<timestamp>Sun Jun 17 22:15:52 2012</timestamp>
		<arg name='module'>C:\Windows\system32\MPR.dll</arg>
	</msg>
	<msg id='42' source='tcet'>
		<type>LOAD_MODULE</type>
		<severity>INFO</severity>
		<timestamp>Sun Jun 17 22:15:54 2012</timestamp>
		<arg name='module'>C:\Windows\system32\IMM32.DLL</arg>
	</msg>
	<msg id='43' source='tcet'>
		<type>LOAD_MODULE</type>
		<severity>INFO</severity>
		<timestamp>Sun Jun 17 22:15:54 2012</timestamp>
		<arg name='module'>C:\Windows\syswow64\MSCTF.dll</arg>
	</msg>
	<msg id='44' source='tcet'>
		<type>LOAD_MODULE</type>
		<severity>INFO</severity>
		<timestamp>Sun Jun 17 22:15:55 2012</timestamp>
		<arg name='module'>C:\Windows\SysWOW64\nvinit.dll</arg>
	</msg>
	<msg id='45' source='tcet'>
		<type>LOAD_MODULE</type>
		<severity>INFO</severity>
		<timestamp>Sun Jun 17 22:15:56 2012</timestamp>
		<arg name='module'>C:\Program Files (x86)\NVIDIA Corporation\CoProcManager\detoured.dll</arg>
	</msg>
	<msg id='46' source='tcet'>
		<type>LOAD_MODULE</type>
		<severity>INFO</severity>
		<timestamp>Sun Jun 17 22:15:56 2012</timestamp>
		<arg name='module'>C:\Program Files (x86)\NVIDIA Corporation\CoProcManager\nvd3d9wrap.dll</arg>
	</msg>
	<msg id='47' source='tcet'>
		<type>LOAD_MODULE</type>
		<severity>INFO</severity>
		<timestamp>Sun Jun 17 22:15:56 2012</timestamp>
		<arg name='module'>C:\Windows\syswow64\SETUPAPI.dll</arg>
	</msg>
	<msg id='48' source='tcet'>
		<type>LOAD_MODULE</type>
		<severity>INFO</severity>
		<timestamp>Sun Jun 17 22:15:56 2012</timestamp>
		<arg name='module'>C:\Windows\syswow64\CFGMGR32.dll</arg>
	</msg>
	<msg id='49' source='tcet'>
		<type>LOAD_MODULE</type>
		<severity>INFO</severity>
		<timestamp>Sun Jun 17 22:15:56 2012</timestamp>
		<arg name='module'>C:\Windows\syswow64\DEVOBJ.dll</arg>
	</msg>
	<msg id='50' source='tcet'>
		<type>LOAD_MODULE</type>
		<severity>INFO</severity>
		<timestamp>Sun Jun 17 22:15:57 2012</timestamp>
		<arg name='module'>C:\Program Files (x86)\NVIDIA Corporation\CoProcManager\nvdxgiwrap.dll</arg>
	</msg>
	<msg id='51' source='tcet'>
		<type>LOAD_MODULE</type>
		<severity>INFO</severity>
		<timestamp>Sun Jun 17 22:16:00 2012</timestamp>
		<arg name='module'>C:\Windows\system32\uxtheme.dll</arg>
	</msg>
	<msg id='52' source='tcet'>
		<type>LOAD_MODULE</type>
		<severity>INFO</severity>
		<timestamp>Sun Jun 17 22:16:00 2012</timestamp>
		<arg name='module'>C:\Program Files (x86)\RocketDock\RocketDock.dll</arg>
	</msg>
	<msg id='53' source='tcet'>
		<type>LOAD_MODULE</type>
		<severity>INFO</severity>
		<timestamp>Sun Jun 17 22:16:00 2012</timestamp>
		<arg name='module'>C:\Windows\syswow64\PSAPI.DLL</arg>
	</msg>
	<msg id='54' source='tcet'>
		<type>LOAD_MODULE</type>
		<severity>INFO</severity>
		<timestamp>Sun Jun 17 22:16:01 2012</timestamp>
		<arg name='module'>C:\Program Files (x86)\Intel\Parallel Studio 2011\Advisor\bin32\runtime\libittnotify.dll</arg>
	</msg>
	<msg id='55' source='tcet'>
		<type>LOAD_MODULE</type>
		<severity>INFO</severity>
		<timestamp>Sun Jun 17 22:27:35 2012</timestamp>
		<arg name='module'>C:\Windows\system32\dwmapi.dll</arg>
	</msg>
	<msg id='56' source='tcet'>
		<type>LOAD_MODULE</type>
		<severity>INFO</severity>
		<timestamp>Sun Jun 17 22:27:37 2012</timestamp>
		<arg name='module'>C:\Windows\system32\ole32.dll</arg>
	</msg>
	<msg id='57' source='tcet'>
		<type>UNLOAD_MODULE</type>
		<severity>INFO</severity>
		<timestamp>Sun Jun 17 22:27:37 2012</timestamp>
		<arg name='module'>C:\Windows\system32\ole32.dll</arg>
	</msg>
	<msg id='58' source='tcet'>
		<type>UNLOAD_MODULE</type>
		<severity>INFO</severity>
		<timestamp>Sun Jun 17 22:27:44 2012</timestamp>
		<arg name='module'>D:\source\Panorama\Release\Panorama.exe</arg>
	</msg>
	<msg id='59' source='tcet'>
		<type>UNLOAD_MODULE</type>
		<severity>INFO</severity>
		<timestamp>Sun Jun 17 22:27:44 2012</timestamp>
		<arg name='module'>C:\Windows\system32\apphelp.dll</arg>
	</msg>
	<msg id='60' source='tcet'>
		<type>UNLOAD_MODULE</type>
		<severity>INFO</severity>
		<timestamp>Sun Jun 17 22:27:44 2012</timestamp>
		<arg name='module'>C:\Windows\syswow64\KERNELBASE.dll</arg>
	</msg>
	<msg id='61' source='tcet'>
		<type>UNLOAD_MODULE</type>
		<severity>INFO</severity>
		<timestamp>Sun Jun 17 22:27:44 2012</timestamp>
		<arg name='module'>C:\Windows\syswow64\kernel32.dll</arg>
	</msg>
	<msg id='62' source='tcet'>
		<type>UNLOAD_MODULE</type>
		<severity>INFO</severity>
		<timestamp>Sun Jun 17 22:27:44 2012</timestamp>
		<arg name='module'>C:\Windows\SysWOW64\ntdll.dll</arg>
	</msg>
	<msg id='63' source='tcet'>
		<type>UNLOAD_MODULE</type>
		<severity>INFO</severity>
		<timestamp>Sun Jun 17 22:27:44 2012</timestamp>
		<arg name='module'>D:\source\Panorama\Release\ANN.dll</arg>
	</msg>
	<msg id='64' source='tcet'>
		<type>UNLOAD_MODULE</type>
		<severity>INFO</severity>
		<timestamp>Sun Jun 17 22:27:44 2012</timestamp>
		<arg name='module'>C:\opencv\build\x86\vc10\bin\opencv_highgui231.dll</arg>
	</msg>
	<msg id='65' source='tcet'>
		<type>UNLOAD_MODULE</type>
		<severity>INFO</severity>
		<timestamp>Sun Jun 17 22:27:44 2012</timestamp>
		<arg name='module'>C:\Windows\syswow64\USER32.dll</arg>
	</msg>
	<msg id='66' source='tcet'>
		<type>UNLOAD_MODULE</type>
		<severity>INFO</severity>
		<timestamp>Sun Jun 17 22:27:44 2012</timestamp>
		<arg name='module'>C:\Windows\syswow64\GDI32.dll</arg>
	</msg>
	<msg id='67' source='tcet'>
		<type>UNLOAD_MODULE</type>
		<severity>INFO</severity>
		<timestamp>Sun Jun 17 22:27:44 2012</timestamp>
		<arg name='module'>C:\Windows\syswow64\LPK.dll</arg>
	</msg>
	<msg id='68' source='tcet'>
		<type>UNLOAD_MODULE</type>
		<severity>INFO</severity>
		<timestamp>Sun Jun 17 22:27:44 2012</timestamp>
		<arg name='module'>C:\Windows\syswow64\USP10.dll</arg>
	</msg>
	<msg id='69' source='tcet'>
		<type>UNLOAD_MODULE</type>
		<severity>INFO</severity>
		<timestamp>Sun Jun 17 22:27:44 2012</timestamp>
		<arg name='module'>C:\Windows\syswow64\msvcrt.dll</arg>
	</msg>
	<msg id='70' source='tcet'>
		<type>UNLOAD_MODULE</type>
		<severity>INFO</severity>
		<timestamp>Sun Jun 17 22:27:44 2012</timestamp>
		<arg name='module'>C:\Windows\syswow64\ADVAPI32.dll</arg>
	</msg>
	<msg id='71' source='tcet'>
		<type>UNLOAD_MODULE</type>
		<severity>INFO</severity>
		<timestamp>Sun Jun 17 22:27:44 2012</timestamp>
		<arg name='module'>C:\Windows\SysWOW64\sechost.dll</arg>
	</msg>
	<msg id='72' source='tcet'>
		<type>UNLOAD_MODULE</type>
		<severity>INFO</severity>
		<timestamp>Sun Jun 17 22:27:44 2012</timestamp>
		<arg name='module'>C:\Windows\syswow64\RPCRT4.dll</arg>
	</msg>
	<msg id='73' source='tcet'>
		<type>UNLOAD_MODULE</type>
		<severity>INFO</severity>
		<timestamp>Sun Jun 17 22:27:44 2012</timestamp>
		<arg name='module'>C:\Windows\syswow64\SspiCli.dll</arg>
	</msg>
	<msg id='74' source='tcet'>
		<type>UNLOAD_MODULE</type>
		<severity>INFO</severity>
		<timestamp>Sun Jun 17 22:27:44 2012</timestamp>
		<arg name='module'>C:\Windows\syswow64\CRYPTBASE.dll</arg>
	</msg>
	<msg id='75' source='tcet'>
		<type>UNLOAD_MODULE</type>
		<severity>INFO</severity>
		<timestamp>Sun Jun 17 22:27:44 2012</timestamp>
		<arg name='module'>C:\Windows\syswow64\ole32.dll</arg>
	</msg>
	<msg id='76' source='tcet'>
		<type>UNLOAD_MODULE</type>
		<severity>INFO</severity>
		<timestamp>Sun Jun 17 22:27:44 2012</timestamp>
		<arg name='module'>C:\Windows\syswow64\OLEAUT32.dll</arg>
	</msg>
	<msg id='77' source='tcet'>
		<type>UNLOAD_MODULE</type>
		<severity>INFO</severity>
		<timestamp>Sun Jun 17 22:27:44 2012</timestamp>
		<arg name='module'>C:\opencv\build\x86\vc10\bin\opencv_core231.dll</arg>
	</msg>
	<msg id='78' source='tcet'>
		<type>UNLOAD_MODULE</type>
		<severity>INFO</severity>
		<timestamp>Sun Jun 17 22:27:44 2012</timestamp>
		<arg name='module'>C:\Windows\system32\MSVCP100.dll</arg>
	</msg>
	<msg id='79' source='tcet'>
		<type>UNLOAD_MODULE</type>
		<severity>INFO</severity>
		<timestamp>Sun Jun 17 22:27:44 2012</timestamp>
		<arg name='module'>C:\Windows\system32\MSVCR100.dll</arg>
	</msg>
	<msg id='80' source='tcet'>
		<type>UNLOAD_MODULE</type>
		<severity>INFO</severity>
		<timestamp>Sun Jun 17 22:27:44 2012</timestamp>
		<arg name='module'>C:\Windows\WinSxS\x86_microsoft.windows.common-controls_6595b64144ccf1df_5.82.7601.17514_none_ec83dffa859149af\COMCTL32.dll</arg>
	</msg>
	<msg id='81' source='tcet'>
		<type>UNLOAD_MODULE</type>
		<severity>INFO</severity>
		<timestamp>Sun Jun 17 22:27:44 2012</timestamp>
		<arg name='module'>C:\Windows\system32\AVIFIL32.dll</arg>
	</msg>
	<msg id='82' source='tcet'>
		<type>UNLOAD_MODULE</type>
		<severity>INFO</severity>
		<timestamp>Sun Jun 17 22:27:44 2012</timestamp>
		<arg name='module'>C:\Windows\system32\WINMM.dll</arg>
	</msg>
	<msg id='83' source='tcet'>
		<type>UNLOAD_MODULE</type>
		<severity>INFO</severity>
		<timestamp>Sun Jun 17 22:27:44 2012</timestamp>
		<arg name='module'>C:\Windows\system32\MSACM32.dll</arg>
	</msg>
	<msg id='84' source='tcet'>
		<type>UNLOAD_MODULE</type>
		<severity>INFO</severity>
		<timestamp>Sun Jun 17 22:27:44 2012</timestamp>
		<arg name='module'>C:\Windows\system32\MSVFW32.dll</arg>
	</msg>
	<msg id='85' source='tcet'>
		<type>UNLOAD_MODULE</type>
		<severity>INFO</severity>
		<timestamp>Sun Jun 17 22:27:44 2012</timestamp>
		<arg name='module'>C:\Windows\syswow64\SHELL32.dll</arg>
	</msg>
	<msg id='86' source='tcet'>
		<type>UNLOAD_MODULE</type>
		<severity>INFO</severity>
		<timestamp>Sun Jun 17 22:27:44 2012</timestamp>
		<arg name='module'>C:\Windows\syswow64\SHLWAPI.dll</arg>
	</msg>
	<msg id='87' source='tcet'>
		<type>UNLOAD_MODULE</type>
		<severity>INFO</severity>
		<timestamp>Sun Jun 17 22:27:44 2012</timestamp>
		<arg name='module'>C:\Windows\system32\AVICAP32.dll</arg>
	</msg>
	<msg id='88' source='tcet'>
		<type>UNLOAD_MODULE</type>
		<severity>INFO</severity>
		<timestamp>Sun Jun 17 22:27:44 2012</timestamp>
		<arg name='module'>C:\Windows\system32\VERSION.dll</arg>
	</msg>
	<msg id='89' source='tcet'>
		<type>UNLOAD_MODULE</type>
		<severity>INFO</severity>
		<timestamp>Sun Jun 17 22:27:44 2012</timestamp>
		<arg name='module'>C:\opencv\build\x86\vc10\bin\opencv_imgproc231.dll</arg>
	</msg>
	<msg id='90' source='tcet'>
		<type>UNLOAD_MODULE</type>
		<severity>INFO</severity>
		<timestamp>Sun Jun 17 22:27:44 2012</timestamp>
		<arg name='module'>D:\source\Panorama\Release\tbb.dll</arg>
	</msg>
	<msg id='91' source='tcet'>
		<type>UNLOAD_MODULE</type>
		<severity>INFO</severity>
		<timestamp>Sun Jun 17 22:27:44 2012</timestamp>
		<arg name='module'>C:\Windows\system32\VCOMP100.DLL</arg>
	</msg>
	<msg id='92' source='tcet'>
		<type>UNLOAD_MODULE</type>
		<severity>INFO</severity>
		<timestamp>Sun Jun 17 22:27:44 2012</timestamp>
		<arg name='module'>C:\Windows\AppPatch\AcLayers.DLL</arg>
	</msg>
	<msg id='93' source='tcet'>
		<type>UNLOAD_MODULE</type>
		<severity>INFO</severity>
		<timestamp>Sun Jun 17 22:27:44 2012</timestamp>
		<arg name='module'>C:\Windows\system32\USERENV.dll</arg>
	</msg>
	<msg id='94' source='tcet'>
		<type>UNLOAD_MODULE</type>
		<severity>INFO</severity>
		<timestamp>Sun Jun 17 22:27:44 2012</timestamp>
		<arg name='module'>C:\Windows\system32\profapi.dll</arg>
	</msg>
	<msg id='95' source='tcet'>
		<type>UNLOAD_MODULE</type>
		<severity>INFO</severity>
		<timestamp>Sun Jun 17 22:27:44 2012</timestamp>
		<arg name='module'>C:\Windows\system32\WINSPOOL.DRV</arg>
	</msg>
	<msg id='96' source='tcet'>
		<type>UNLOAD_MODULE</type>
		<severity>INFO</severity>
		<timestamp>Sun Jun 17 22:27:44 2012</timestamp>
		<arg name='module'>C:\Windows\system32\MPR.dll</arg>
	</msg>
	<msg id='97' source='tcet'>
		<type>UNLOAD_MODULE</type>
		<severity>INFO</severity>
		<timestamp>Sun Jun 17 22:27:44 2012</timestamp>
		<arg name='module'>C:\Windows\system32\IMM32.DLL</arg>
	</msg>
	<msg id='98' source='tcet'>
		<type>UNLOAD_MODULE</type>
		<severity>INFO</severity>
		<timestamp>Sun Jun 17 22:27:44 2012</timestamp>
		<arg name='module'>C:\Windows\syswow64\MSCTF.dll</arg>
	</msg>
	<msg id='99' source='tcet'>
		<type>UNLOAD_MODULE</type>
		<severity>INFO</severity>
		<timestamp>Sun Jun 17 22:27:44 2012</timestamp>
		<arg name='module'>C:\Windows\SysWOW64\nvinit.dll</arg>
	</msg>
	<msg id='100' source='tcet'>
		<type>UNLOAD_MODULE</type>
		<severity>INFO</severity>
		<timestamp>Sun Jun 17 22:27:44 2012</timestamp>
		<arg name='module'>C:\Program Files (x86)\NVIDIA Corporation\CoProcManager\detoured.dll</arg>
	</msg>
	<msg id='101' source='tcet'>
		<type>UNLOAD_MODULE</type>
		<severity>INFO</severity>
		<timestamp>Sun Jun 17 22:27:44 2012</timestamp>
		<arg name='module'>C:\Program Files (x86)\NVIDIA Corporation\CoProcManager\nvd3d9wrap.dll</arg>
	</msg>
	<msg id='102' source='tcet'>
		<type>UNLOAD_MODULE</type>
		<severity>INFO</severity>
		<timestamp>Sun Jun 17 22:27:44 2012</timestamp>
		<arg name='module'>C:\Windows\syswow64\SETUPAPI.dll</arg>
	</msg>
	<msg id='103' source='tcet'>
		<type>UNLOAD_MODULE</type>
		<severity>INFO</severity>
		<timestamp>Sun Jun 17 22:27:44 2012</timestamp>
		<arg name='module'>C:\Windows\syswow64\CFGMGR32.dll</arg>
	</msg>
	<msg id='104' source='tcet'>
		<type>UNLOAD_MODULE</type>
		<severity>INFO</severity>
		<timestamp>Sun Jun 17 22:27:44 2012</timestamp>
		<arg name='module'>C:\Windows\syswow64\DEVOBJ.dll</arg>
	</msg>
	<msg id='105' source='tcet'>
		<type>UNLOAD_MODULE</type>
		<severity>INFO</severity>
		<timestamp>Sun Jun 17 22:27:44 2012</timestamp>
		<arg name='module'>C:\Program Files (x86)\NVIDIA Corporation\CoProcManager\nvdxgiwrap.dll</arg>
	</msg>
	<msg id='106' source='tcet'>
		<type>UNLOAD_MODULE</type>
		<severity>INFO</severity>
		<timestamp>Sun Jun 17 22:27:44 2012</timestamp>
		<arg name='module'>C:\Windows\system32\uxtheme.dll</arg>
	</msg>
	<msg id='107' source='tcet'>
		<type>UNLOAD_MODULE</type>
		<severity>INFO</severity>
		<timestamp>Sun Jun 17 22:27:44 2012</timestamp>
		<arg name='module'>C:\Program Files (x86)\RocketDock\RocketDock.dll</arg>
	</msg>
	<msg id='108' source='tcet'>
		<type>UNLOAD_MODULE</type>
		<severity>INFO</severity>
		<timestamp>Sun Jun 17 22:27:44 2012</timestamp>
		<arg name='module'>C:\Windows\syswow64\PSAPI.DLL</arg>
	</msg>
	<msg id='109' source='tcet'>
		<type>UNLOAD_MODULE</type>
		<severity>INFO</severity>
		<timestamp>Sun Jun 17 22:27:44 2012</timestamp>
		<arg name='module'>C:\Program Files (x86)\Intel\Parallel Studio 2011\Advisor\bin32\runtime\libittnotify.dll</arg>
	</msg>
	<msg id='110' source='tcet'>
		<type>UNLOAD_MODULE</type>
		<severity>INFO</severity>
		<timestamp>Sun Jun 17 22:27:44 2012</timestamp>
		<arg name='module'>C:\Windows\system32\dwmapi.dll</arg>
	</msg>
	<msg id='111' source='tcet'>
		<type>PROCESS_TERMINATE</type>
		<severity>INFO</severity>
		<timestamp>Sun Jun 17 22:27:44 2012</timestamp>
		<arg name='process'>d:\source\panorama\release\panorama.exe</arg>
		<arg name='pid'>10352</arg>
	</msg>
	<msg id='112' display='false' source='tccore'>
		<type>STOP</type>
		<severity>INFO</severity>
		<timestamp>Sun Jun 17 22:27:44 2012</timestamp>
	</msg>
</log>