D:\SOURCE\PANORAMA\DEBUG\PANORAMA.EXE
D:\SOURCE\PANORAMA\DEBUG\PANORAMA.ILK
D:\SOURCE\PANORAMA\DEBUG\PANORAMA.PDB
D:\source\Panorama\Panorama\Debug\cl.command.1.tlog
D:\source\Panorama\Panorama\Debug\CL.read.1.tlog
D:\source\Panorama\Panorama\Debug\CL.write.1.tlog
D:\source\Panorama\Panorama\Debug\link.10312.read.1.tlog
D:\source\Panorama\Panorama\Debug\link.10312.write.1.tlog
D:\source\Panorama\Panorama\Debug\link.10312-cvtres.read.1.tlog
D:\source\Panorama\Panorama\Debug\link.10312-cvtres.write.1.tlog
D:\source\Panorama\Panorama\Debug\link.10884.read.1.tlog
D:\source\Panorama\Panorama\Debug\link.10884.write.1.tlog
D:\source\Panorama\Panorama\Debug\link.10884-cvtres.read.1.tlog
D:\source\Panorama\Panorama\Debug\link.10884-cvtres.write.1.tlog
D:\source\Panorama\Panorama\Debug\link.11324.read.1.tlog
D:\source\Panorama\Panorama\Debug\link.11324.write.1.tlog
D:\source\Panorama\Panorama\Debug\link.11324-cvtres.read.1.tlog
D:\source\Panorama\Panorama\Debug\link.11324-cvtres.write.1.tlog
D:\source\Panorama\Panorama\Debug\link.2108.read.1.tlog
D:\source\Panorama\Panorama\Debug\link.2108.write.1.tlog
D:\source\Panorama\Panorama\Debug\link.2108-cvtres.read.1.tlog
D:\source\Panorama\Panorama\Debug\link.2108-cvtres.write.1.tlog
D:\source\Panorama\Panorama\Debug\link.2320.read.1.tlog
D:\source\Panorama\Panorama\Debug\link.2320.write.1.tlog
D:\source\Panorama\Panorama\Debug\link.2320-cvtres.read.1.tlog
D:\source\Panorama\Panorama\Debug\link.2320-cvtres.write.1.tlog
D:\source\Panorama\Panorama\Debug\link.3112.read.1.tlog
D:\source\Panorama\Panorama\Debug\link.3112.write.1.tlog
D:\source\Panorama\Panorama\Debug\link.3112-cvtres.read.1.tlog
D:\source\Panorama\Panorama\Debug\link.3112-cvtres.write.1.tlog
D:\source\Panorama\Panorama\Debug\link.3464.read.1.tlog
D:\source\Panorama\Panorama\Debug\link.3464.write.1.tlog
D:\source\Panorama\Panorama\Debug\link.3464-cvtres.read.1.tlog
D:\source\Panorama\Panorama\Debug\link.3464-cvtres.write.1.tlog
D:\source\Panorama\Panorama\Debug\link.4604.read.1.tlog
D:\source\Panorama\Panorama\Debug\link.4604.write.1.tlog
D:\source\Panorama\Panorama\Debug\link.4604-cvtres.read.1.tlog
D:\source\Panorama\Panorama\Debug\link.4604-cvtres.write.1.tlog
D:\source\Panorama\Panorama\Debug\link.5452.read.1.tlog
D:\source\Panorama\Panorama\Debug\link.5452.write.1.tlog
D:\source\Panorama\Panorama\Debug\link.5452-cvtres.read.1.tlog
D:\source\Panorama\Panorama\Debug\link.5452-cvtres.write.1.tlog
D:\source\Panorama\Panorama\Debug\link.8880.read.1.tlog
D:\source\Panorama\Panorama\Debug\link.8880.write.1.tlog
D:\source\Panorama\Panorama\Debug\link.8880-cvtres.read.1.tlog
D:\source\Panorama\Panorama\Debug\link.8880-cvtres.write.1.tlog
D:\source\Panorama\Panorama\Debug\link.9592.read.1.tlog
D:\source\Panorama\Panorama\Debug\link.9592.write.1.tlog
D:\source\Panorama\Panorama\Debug\link.9592-cvtres.read.1.tlog
D:\source\Panorama\Panorama\Debug\link.9592-cvtres.write.1.tlog
D:\source\Panorama\Panorama\Debug\link.9664.read.1.tlog
D:\source\Panorama\Panorama\Debug\link.9664.write.1.tlog
D:\source\Panorama\Panorama\Debug\link.9664-cvtres.read.1.tlog
D:\source\Panorama\Panorama\Debug\link.9664-cvtres.write.1.tlog
D:\source\Panorama\Panorama\Debug\link.9692.read.1.tlog
D:\source\Panorama\Panorama\Debug\link.9692.write.1.tlog
D:\source\Panorama\Panorama\Debug\link.9692-cvtres.read.1.tlog
D:\source\Panorama\Panorama\Debug\link.9692-cvtres.write.1.tlog
D:\source\Panorama\Panorama\Debug\link.9760.read.1.tlog
D:\source\Panorama\Panorama\Debug\link.9760.write.1.tlog
D:\source\Panorama\Panorama\Debug\link.9760-cvtres.read.1.tlog
D:\source\Panorama\Panorama\Debug\link.9760-cvtres.write.1.tlog
D:\source\Panorama\Panorama\Debug\link.command.1.tlog
D:\source\Panorama\Panorama\Debug\link.read.1.tlog
D:\source\Panorama\Panorama\Debug\link.write.1.tlog
D:\source\Panorama\Panorama\Debug\link-cvtres.read.1.tlog
D:\source\Panorama\Panorama\Debug\link-cvtres.write.1.tlog
D:\SOURCE\PANORAMA\PANORAMA\DEBUG\MAIN.OBJ
D:\source\Panorama\Panorama\Debug\mt.command.1.tlog
D:\source\Panorama\Panorama\Debug\mt.read.1.tlog
D:\source\Panorama\Panorama\Debug\mt.write.1.tlog
D:\SOURCE\PANORAMA\PANORAMA\DEBUG\PANORAMA.EXE.EMBED.MANIFEST
D:\SOURCE\PANORAMA\PANORAMA\DEBUG\PANORAMA.EXE.EMBED.MANIFEST.RES
D:\SOURCE\PANORAMA\PANORAMA\DEBUG\PANORAMA.EXE.INTERMEDIATE.MANIFEST
D:\source\Panorama\Panorama\Debug\Panorama_manifest.rc
D:\source\Panorama\Panorama\Debug\rc.command.1.tlog
D:\source\Panorama\Panorama\Debug\rc.read.1.tlog
D:\source\Panorama\Panorama\Debug\rc.write.1.tlog
D:\source\Panorama\Panorama\Debug\vc100.idb
D:\SOURCE\PANORAMA\PANORAMA\DEBUG\VC100.PDB
